ARM GAS  C:\Users\User\AppData\Local\Temp\cccMPEtT.s 			page 1


   1              		.cpu cortex-m4
   2              		.eabi_attribute 27, 1
   3              		.eabi_attribute 28, 1
   4              		.eabi_attribute 20, 1
   5              		.eabi_attribute 21, 1
   6              		.eabi_attribute 23, 3
   7              		.eabi_attribute 24, 1
   8              		.eabi_attribute 25, 1
   9              		.eabi_attribute 26, 1
  10              		.eabi_attribute 30, 1
  11              		.eabi_attribute 34, 1
  12              		.eabi_attribute 18, 4
  13              		.file	"usart.c"
  14              		.text
  15              	.Ltext0:
  16              		.cfi_sections	.debug_frame
  17              		.section	.text.MX_USART1_UART_Init,"ax",%progbits
  18              		.align	1
  19              		.global	MX_USART1_UART_Init
  20              		.syntax unified
  21              		.thumb
  22              		.thumb_func
  23              		.fpu fpv4-sp-d16
  25              	MX_USART1_UART_Init:
  26              	.LFB130:
  27              		.file 1 "Core/Src/usart.c"
   1:Core/Src/usart.c **** /**
   2:Core/Src/usart.c ****   ******************************************************************************
   3:Core/Src/usart.c ****   * @file    usart.c
   4:Core/Src/usart.c ****   * @brief   This file provides code for the configuration
   5:Core/Src/usart.c ****   *          of the USART instances.
   6:Core/Src/usart.c ****   ******************************************************************************
   7:Core/Src/usart.c ****   * @attention
   8:Core/Src/usart.c ****   *
   9:Core/Src/usart.c ****   * <h2><center>&copy; Copyright (c) 2021 STMicroelectronics.
  10:Core/Src/usart.c ****   * All rights reserved.</center></h2>
  11:Core/Src/usart.c ****   *
  12:Core/Src/usart.c ****   * This software component is licensed by ST under BSD 3-Clause license,
  13:Core/Src/usart.c ****   * the "License"; You may not use this file except in compliance with the
  14:Core/Src/usart.c ****   * License. You may obtain a copy of the License at:
  15:Core/Src/usart.c ****   *                        opensource.org/licenses/BSD-3-Clause
  16:Core/Src/usart.c ****   *
  17:Core/Src/usart.c ****   ******************************************************************************
  18:Core/Src/usart.c ****   */
  19:Core/Src/usart.c **** 
  20:Core/Src/usart.c **** /* Includes ------------------------------------------------------------------*/
  21:Core/Src/usart.c **** #include "usart.h"
  22:Core/Src/usart.c **** 
  23:Core/Src/usart.c **** /* USER CODE BEGIN 0 */
  24:Core/Src/usart.c **** 
  25:Core/Src/usart.c **** /* USER CODE END 0 */
  26:Core/Src/usart.c **** 
  27:Core/Src/usart.c **** UART_HandleTypeDef huart1;
  28:Core/Src/usart.c **** 
  29:Core/Src/usart.c **** /* USART1 init function */
  30:Core/Src/usart.c **** 
  31:Core/Src/usart.c **** void MX_USART1_UART_Init(void)
ARM GAS  C:\Users\User\AppData\Local\Temp\cccMPEtT.s 			page 2


  32:Core/Src/usart.c **** {
  28              		.loc 1 32 0
  29              		.cfi_startproc
  30              		@ args = 0, pretend = 0, frame = 0
  31              		@ frame_needed = 0, uses_anonymous_args = 0
  32 0000 08B5     		push	{r3, lr}
  33              	.LCFI0:
  34              		.cfi_def_cfa_offset 8
  35              		.cfi_offset 3, -8
  36              		.cfi_offset 14, -4
  33:Core/Src/usart.c **** 
  34:Core/Src/usart.c ****   huart1.Instance = USART1;
  37              		.loc 1 34 0
  38 0002 0A48     		ldr	r0, .L5
  39 0004 0A4B     		ldr	r3, .L5+4
  40 0006 0360     		str	r3, [r0]
  35:Core/Src/usart.c ****   huart1.Init.BaudRate = 115200;
  41              		.loc 1 35 0
  42 0008 4FF4E133 		mov	r3, #115200
  43 000c 4360     		str	r3, [r0, #4]
  36:Core/Src/usart.c ****   huart1.Init.WordLength = UART_WORDLENGTH_8B;
  44              		.loc 1 36 0
  45 000e 0023     		movs	r3, #0
  46 0010 8360     		str	r3, [r0, #8]
  37:Core/Src/usart.c ****   huart1.Init.StopBits = UART_STOPBITS_1;
  47              		.loc 1 37 0
  48 0012 C360     		str	r3, [r0, #12]
  38:Core/Src/usart.c ****   huart1.Init.Parity = UART_PARITY_NONE;
  49              		.loc 1 38 0
  50 0014 0361     		str	r3, [r0, #16]
  39:Core/Src/usart.c ****   huart1.Init.Mode = UART_MODE_TX_RX;
  51              		.loc 1 39 0
  52 0016 0C22     		movs	r2, #12
  53 0018 4261     		str	r2, [r0, #20]
  40:Core/Src/usart.c ****   huart1.Init.HwFlowCtl = UART_HWCONTROL_NONE;
  54              		.loc 1 40 0
  55 001a 8361     		str	r3, [r0, #24]
  41:Core/Src/usart.c ****   huart1.Init.OverSampling = UART_OVERSAMPLING_16;
  56              		.loc 1 41 0
  57 001c C361     		str	r3, [r0, #28]
  42:Core/Src/usart.c ****   if (HAL_UART_Init(&huart1) != HAL_OK)
  58              		.loc 1 42 0
  59 001e FFF7FEFF 		bl	HAL_UART_Init
  60              	.LVL0:
  61 0022 00B9     		cbnz	r0, .L4
  62              	.L1:
  43:Core/Src/usart.c ****   {
  44:Core/Src/usart.c ****     Error_Handler();
  45:Core/Src/usart.c ****   }
  46:Core/Src/usart.c **** 
  47:Core/Src/usart.c **** }
  63              		.loc 1 47 0
  64 0024 08BD     		pop	{r3, pc}
  65              	.L4:
  44:Core/Src/usart.c ****   }
  66              		.loc 1 44 0
  67 0026 FFF7FEFF 		bl	Error_Handler
ARM GAS  C:\Users\User\AppData\Local\Temp\cccMPEtT.s 			page 3


  68              	.LVL1:
  69              		.loc 1 47 0
  70 002a FBE7     		b	.L1
  71              	.L6:
  72              		.align	2
  73              	.L5:
  74 002c 00000000 		.word	huart1
  75 0030 00100140 		.word	1073811456
  76              		.cfi_endproc
  77              	.LFE130:
  79              		.section	.text.HAL_UART_MspInit,"ax",%progbits
  80              		.align	1
  81              		.global	HAL_UART_MspInit
  82              		.syntax unified
  83              		.thumb
  84              		.thumb_func
  85              		.fpu fpv4-sp-d16
  87              	HAL_UART_MspInit:
  88              	.LFB131:
  48:Core/Src/usart.c **** 
  49:Core/Src/usart.c **** void HAL_UART_MspInit(UART_HandleTypeDef* uartHandle)
  50:Core/Src/usart.c **** {
  89              		.loc 1 50 0
  90              		.cfi_startproc
  91              		@ args = 0, pretend = 0, frame = 32
  92              		@ frame_needed = 0, uses_anonymous_args = 0
  93              	.LVL2:
  94 0000 10B5     		push	{r4, lr}
  95              	.LCFI1:
  96              		.cfi_def_cfa_offset 8
  97              		.cfi_offset 4, -8
  98              		.cfi_offset 14, -4
  99 0002 88B0     		sub	sp, sp, #32
 100              	.LCFI2:
 101              		.cfi_def_cfa_offset 40
  51:Core/Src/usart.c **** 
  52:Core/Src/usart.c ****   GPIO_InitTypeDef GPIO_InitStruct = {0};
 102              		.loc 1 52 0
 103 0004 0023     		movs	r3, #0
 104 0006 0393     		str	r3, [sp, #12]
 105 0008 0493     		str	r3, [sp, #16]
 106 000a 0593     		str	r3, [sp, #20]
 107 000c 0693     		str	r3, [sp, #24]
 108 000e 0793     		str	r3, [sp, #28]
  53:Core/Src/usart.c ****   if(uartHandle->Instance==USART1)
 109              		.loc 1 53 0
 110 0010 0268     		ldr	r2, [r0]
 111 0012 03F18043 		add	r3, r3, #1073741824
 112 0016 03F58833 		add	r3, r3, #69632
 113 001a 9A42     		cmp	r2, r3
 114 001c 01D0     		beq	.L10
 115              	.LVL3:
 116              	.L7:
  54:Core/Src/usart.c ****   {
  55:Core/Src/usart.c ****   /* USER CODE BEGIN USART1_MspInit 0 */
  56:Core/Src/usart.c **** 
  57:Core/Src/usart.c ****   /* USER CODE END USART1_MspInit 0 */
ARM GAS  C:\Users\User\AppData\Local\Temp\cccMPEtT.s 			page 4


  58:Core/Src/usart.c ****     /* USART1 clock enable */
  59:Core/Src/usart.c ****     __HAL_RCC_USART1_CLK_ENABLE();
  60:Core/Src/usart.c **** 
  61:Core/Src/usart.c ****     __HAL_RCC_GPIOA_CLK_ENABLE();
  62:Core/Src/usart.c ****     /**USART1 GPIO Configuration
  63:Core/Src/usart.c ****     PA9     ------> USART1_TX
  64:Core/Src/usart.c ****     PA10     ------> USART1_RX
  65:Core/Src/usart.c ****     */
  66:Core/Src/usart.c ****     GPIO_InitStruct.Pin = GPIO_PIN_9|GPIO_PIN_10;
  67:Core/Src/usart.c ****     GPIO_InitStruct.Mode = GPIO_MODE_AF_PP;
  68:Core/Src/usart.c ****     GPIO_InitStruct.Pull = GPIO_NOPULL;
  69:Core/Src/usart.c ****     GPIO_InitStruct.Speed = GPIO_SPEED_FREQ_VERY_HIGH;
  70:Core/Src/usart.c ****     GPIO_InitStruct.Alternate = GPIO_AF7_USART1;
  71:Core/Src/usart.c ****     HAL_GPIO_Init(GPIOA, &GPIO_InitStruct);
  72:Core/Src/usart.c **** 
  73:Core/Src/usart.c ****     /* USART1 interrupt Init */
  74:Core/Src/usart.c ****     HAL_NVIC_SetPriority(USART1_IRQn, 0, 0);
  75:Core/Src/usart.c ****     HAL_NVIC_EnableIRQ(USART1_IRQn);
  76:Core/Src/usart.c ****   /* USER CODE BEGIN USART1_MspInit 1 */
  77:Core/Src/usart.c **** 
  78:Core/Src/usart.c ****   /* USER CODE END USART1_MspInit 1 */
  79:Core/Src/usart.c ****   }
  80:Core/Src/usart.c **** }
 117              		.loc 1 80 0
 118 001e 08B0     		add	sp, sp, #32
 119              	.LCFI3:
 120              		.cfi_remember_state
 121              		.cfi_def_cfa_offset 8
 122              		@ sp needed
 123 0020 10BD     		pop	{r4, pc}
 124              	.LVL4:
 125              	.L10:
 126              	.LCFI4:
 127              		.cfi_restore_state
 128              	.LBB2:
  59:Core/Src/usart.c **** 
 129              		.loc 1 59 0
 130 0022 0024     		movs	r4, #0
 131 0024 0194     		str	r4, [sp, #4]
 132 0026 03F59433 		add	r3, r3, #75776
 133 002a 5A6C     		ldr	r2, [r3, #68]
 134 002c 42F01002 		orr	r2, r2, #16
 135 0030 5A64     		str	r2, [r3, #68]
 136 0032 5A6C     		ldr	r2, [r3, #68]
 137 0034 02F01002 		and	r2, r2, #16
 138 0038 0192     		str	r2, [sp, #4]
 139 003a 019A     		ldr	r2, [sp, #4]
 140              	.LBE2:
 141              	.LBB3:
  61:Core/Src/usart.c ****     /**USART1 GPIO Configuration
 142              		.loc 1 61 0
 143 003c 0294     		str	r4, [sp, #8]
 144 003e 1A6B     		ldr	r2, [r3, #48]
 145 0040 42F00102 		orr	r2, r2, #1
 146 0044 1A63     		str	r2, [r3, #48]
 147 0046 1B6B     		ldr	r3, [r3, #48]
 148 0048 03F00103 		and	r3, r3, #1
ARM GAS  C:\Users\User\AppData\Local\Temp\cccMPEtT.s 			page 5


 149 004c 0293     		str	r3, [sp, #8]
 150 004e 029B     		ldr	r3, [sp, #8]
 151              	.LBE3:
  66:Core/Src/usart.c ****     GPIO_InitStruct.Mode = GPIO_MODE_AF_PP;
 152              		.loc 1 66 0
 153 0050 4FF4C063 		mov	r3, #1536
 154 0054 0393     		str	r3, [sp, #12]
  67:Core/Src/usart.c ****     GPIO_InitStruct.Pull = GPIO_NOPULL;
 155              		.loc 1 67 0
 156 0056 0223     		movs	r3, #2
 157 0058 0493     		str	r3, [sp, #16]
  69:Core/Src/usart.c ****     GPIO_InitStruct.Alternate = GPIO_AF7_USART1;
 158              		.loc 1 69 0
 159 005a 0323     		movs	r3, #3
 160 005c 0693     		str	r3, [sp, #24]
  70:Core/Src/usart.c ****     HAL_GPIO_Init(GPIOA, &GPIO_InitStruct);
 161              		.loc 1 70 0
 162 005e 0723     		movs	r3, #7
 163 0060 0793     		str	r3, [sp, #28]
  71:Core/Src/usart.c **** 
 164              		.loc 1 71 0
 165 0062 03A9     		add	r1, sp, #12
 166 0064 0548     		ldr	r0, .L11
 167              	.LVL5:
 168 0066 FFF7FEFF 		bl	HAL_GPIO_Init
 169              	.LVL6:
  74:Core/Src/usart.c ****     HAL_NVIC_EnableIRQ(USART1_IRQn);
 170              		.loc 1 74 0
 171 006a 2246     		mov	r2, r4
 172 006c 2146     		mov	r1, r4
 173 006e 2520     		movs	r0, #37
 174 0070 FFF7FEFF 		bl	HAL_NVIC_SetPriority
 175              	.LVL7:
  75:Core/Src/usart.c ****   /* USER CODE BEGIN USART1_MspInit 1 */
 176              		.loc 1 75 0
 177 0074 2520     		movs	r0, #37
 178 0076 FFF7FEFF 		bl	HAL_NVIC_EnableIRQ
 179              	.LVL8:
 180              		.loc 1 80 0
 181 007a D0E7     		b	.L7
 182              	.L12:
 183              		.align	2
 184              	.L11:
 185 007c 00000240 		.word	1073872896
 186              		.cfi_endproc
 187              	.LFE131:
 189              		.section	.text.HAL_UART_MspDeInit,"ax",%progbits
 190              		.align	1
 191              		.global	HAL_UART_MspDeInit
 192              		.syntax unified
 193              		.thumb
 194              		.thumb_func
 195              		.fpu fpv4-sp-d16
 197              	HAL_UART_MspDeInit:
 198              	.LFB132:
  81:Core/Src/usart.c **** 
  82:Core/Src/usart.c **** void HAL_UART_MspDeInit(UART_HandleTypeDef* uartHandle)
ARM GAS  C:\Users\User\AppData\Local\Temp\cccMPEtT.s 			page 6


  83:Core/Src/usart.c **** {
 199              		.loc 1 83 0
 200              		.cfi_startproc
 201              		@ args = 0, pretend = 0, frame = 0
 202              		@ frame_needed = 0, uses_anonymous_args = 0
 203              	.LVL9:
 204 0000 08B5     		push	{r3, lr}
 205              	.LCFI5:
 206              		.cfi_def_cfa_offset 8
 207              		.cfi_offset 3, -8
 208              		.cfi_offset 14, -4
  84:Core/Src/usart.c **** 
  85:Core/Src/usart.c ****   if(uartHandle->Instance==USART1)
 209              		.loc 1 85 0
 210 0002 0268     		ldr	r2, [r0]
 211 0004 084B     		ldr	r3, .L17
 212 0006 9A42     		cmp	r2, r3
 213 0008 00D0     		beq	.L16
 214              	.LVL10:
 215              	.L13:
  86:Core/Src/usart.c ****   {
  87:Core/Src/usart.c ****   /* USER CODE BEGIN USART1_MspDeInit 0 */
  88:Core/Src/usart.c **** 
  89:Core/Src/usart.c ****   /* USER CODE END USART1_MspDeInit 0 */
  90:Core/Src/usart.c ****     /* Peripheral clock disable */
  91:Core/Src/usart.c ****     __HAL_RCC_USART1_CLK_DISABLE();
  92:Core/Src/usart.c **** 
  93:Core/Src/usart.c ****     /**USART1 GPIO Configuration
  94:Core/Src/usart.c ****     PA9     ------> USART1_TX
  95:Core/Src/usart.c ****     PA10     ------> USART1_RX
  96:Core/Src/usart.c ****     */
  97:Core/Src/usart.c ****     HAL_GPIO_DeInit(GPIOA, GPIO_PIN_9|GPIO_PIN_10);
  98:Core/Src/usart.c **** 
  99:Core/Src/usart.c ****     /* USART1 interrupt Deinit */
 100:Core/Src/usart.c ****     HAL_NVIC_DisableIRQ(USART1_IRQn);
 101:Core/Src/usart.c ****   /* USER CODE BEGIN USART1_MspDeInit 1 */
 102:Core/Src/usart.c **** 
 103:Core/Src/usart.c ****   /* USER CODE END USART1_MspDeInit 1 */
 104:Core/Src/usart.c ****   }
 105:Core/Src/usart.c **** }
 216              		.loc 1 105 0
 217 000a 08BD     		pop	{r3, pc}
 218              	.LVL11:
 219              	.L16:
  91:Core/Src/usart.c **** 
 220              		.loc 1 91 0
 221 000c 074A     		ldr	r2, .L17+4
 222 000e 536C     		ldr	r3, [r2, #68]
 223 0010 23F01003 		bic	r3, r3, #16
 224 0014 5364     		str	r3, [r2, #68]
  97:Core/Src/usart.c **** 
 225              		.loc 1 97 0
 226 0016 4FF4C061 		mov	r1, #1536
 227 001a 0548     		ldr	r0, .L17+8
 228              	.LVL12:
 229 001c FFF7FEFF 		bl	HAL_GPIO_DeInit
 230              	.LVL13:
ARM GAS  C:\Users\User\AppData\Local\Temp\cccMPEtT.s 			page 7


 100:Core/Src/usart.c ****   /* USER CODE BEGIN USART1_MspDeInit 1 */
 231              		.loc 1 100 0
 232 0020 2520     		movs	r0, #37
 233 0022 FFF7FEFF 		bl	HAL_NVIC_DisableIRQ
 234              	.LVL14:
 235              		.loc 1 105 0
 236 0026 F0E7     		b	.L13
 237              	.L18:
 238              		.align	2
 239              	.L17:
 240 0028 00100140 		.word	1073811456
 241 002c 00380240 		.word	1073887232
 242 0030 00000240 		.word	1073872896
 243              		.cfi_endproc
 244              	.LFE132:
 246              		.comm	huart1,64,4
 247              		.text
 248              	.Letext0:
 249              		.file 2 "d:\\stm32_project\\tool\\7-2018-q2-update\\arm-none-eabi\\include\\machine\\_default_type
 250              		.file 3 "d:\\stm32_project\\tool\\7-2018-q2-update\\arm-none-eabi\\include\\sys\\_stdint.h"
 251              		.file 4 "Drivers/CMSIS/Include/core_cm4.h"
 252              		.file 5 "Drivers/CMSIS/Device/ST/STM32F4xx/Include/system_stm32f4xx.h"
 253              		.file 6 "Drivers/CMSIS/Device/ST/STM32F4xx/Include/stm32f407xx.h"
 254              		.file 7 "Drivers/STM32F4xx_HAL_Driver/Inc/stm32f4xx_hal_def.h"
 255              		.file 8 "Drivers/STM32F4xx_HAL_Driver/Inc/stm32f4xx_hal_gpio.h"
 256              		.file 9 "Drivers/STM32F4xx_HAL_Driver/Inc/stm32f4xx_hal_dma.h"
 257              		.file 10 "Drivers/STM32F4xx_HAL_Driver/Inc/stm32f4xx_hal_uart.h"
 258              		.file 11 "Drivers/STM32F4xx_HAL_Driver/Inc/stm32f4xx_hal.h"
 259              		.file 12 "Core/Inc/usart.h"
 260              		.file 13 "Drivers/STM32F4xx_HAL_Driver/Inc/stm32f4xx_hal_cortex.h"
 261              		.file 14 "Core/Inc/main.h"
ARM GAS  C:\Users\User\AppData\Local\Temp\cccMPEtT.s 			page 8


DEFINED SYMBOLS
                            *ABS*:00000000 usart.c
C:\Users\User\AppData\Local\Temp\cccMPEtT.s:18     .text.MX_USART1_UART_Init:00000000 $t
C:\Users\User\AppData\Local\Temp\cccMPEtT.s:25     .text.MX_USART1_UART_Init:00000000 MX_USART1_UART_Init
C:\Users\User\AppData\Local\Temp\cccMPEtT.s:74     .text.MX_USART1_UART_Init:0000002c $d
                            *COM*:00000040 huart1
C:\Users\User\AppData\Local\Temp\cccMPEtT.s:80     .text.HAL_UART_MspInit:00000000 $t
C:\Users\User\AppData\Local\Temp\cccMPEtT.s:87     .text.HAL_UART_MspInit:00000000 HAL_UART_MspInit
C:\Users\User\AppData\Local\Temp\cccMPEtT.s:185    .text.HAL_UART_MspInit:0000007c $d
C:\Users\User\AppData\Local\Temp\cccMPEtT.s:190    .text.HAL_UART_MspDeInit:00000000 $t
C:\Users\User\AppData\Local\Temp\cccMPEtT.s:197    .text.HAL_UART_MspDeInit:00000000 HAL_UART_MspDeInit
C:\Users\User\AppData\Local\Temp\cccMPEtT.s:240    .text.HAL_UART_MspDeInit:00000028 $d

UNDEFINED SYMBOLS
HAL_UART_Init
Error_Handler
HAL_GPIO_Init
HAL_NVIC_SetPriority
HAL_NVIC_EnableIRQ
HAL_GPIO_DeInit
HAL_NVIC_DisableIRQ
