ARM GAS  C:\Users\User\AppData\Local\Temp\ccpWXaJa.s 			page 1


   1              		.cpu cortex-m4
   2              		.eabi_attribute 27, 1
   3              		.eabi_attribute 28, 1
   4              		.eabi_attribute 20, 1
   5              		.eabi_attribute 21, 1
   6              		.eabi_attribute 23, 3
   7              		.eabi_attribute 24, 1
   8              		.eabi_attribute 25, 1
   9              		.eabi_attribute 26, 1
  10              		.eabi_attribute 30, 1
  11              		.eabi_attribute 34, 1
  12              		.eabi_attribute 18, 4
  13              		.file	"usbd_desc.c"
  14              		.text
  15              	.Ltext0:
  16              		.cfi_sections	.debug_frame
  17              		.section	.text.USBD_FS_DeviceDescriptor,"ax",%progbits
  18              		.align	1
  19              		.global	USBD_FS_DeviceDescriptor
  20              		.syntax unified
  21              		.thumb
  22              		.thumb_func
  23              		.fpu fpv4-sp-d16
  25              	USBD_FS_DeviceDescriptor:
  26              	.LFB134:
  27              		.file 1 "USB_DEVICE/App/usbd_desc.c"
   1:USB_DEVICE/App/usbd_desc.c **** /* USER CODE BEGIN Header */
   2:USB_DEVICE/App/usbd_desc.c **** /**
   3:USB_DEVICE/App/usbd_desc.c ****   ******************************************************************************
   4:USB_DEVICE/App/usbd_desc.c ****   * @file           : App/usbd_desc.c
   5:USB_DEVICE/App/usbd_desc.c ****   * @version        : v1.0_Cube
   6:USB_DEVICE/App/usbd_desc.c ****   * @brief          : This file implements the USB device descriptors.
   7:USB_DEVICE/App/usbd_desc.c ****   ******************************************************************************
   8:USB_DEVICE/App/usbd_desc.c ****   * @attention
   9:USB_DEVICE/App/usbd_desc.c ****   *
  10:USB_DEVICE/App/usbd_desc.c ****   * <h2><center>&copy; Copyright (c) 2021 STMicroelectronics.
  11:USB_DEVICE/App/usbd_desc.c ****   * All rights reserved.</center></h2>
  12:USB_DEVICE/App/usbd_desc.c ****   *
  13:USB_DEVICE/App/usbd_desc.c ****   * This software component is licensed by ST under Ultimate Liberty license
  14:USB_DEVICE/App/usbd_desc.c ****   * SLA0044, the "License"; You may not use this file except in compliance with
  15:USB_DEVICE/App/usbd_desc.c ****   * the License. You may obtain a copy of the License at:
  16:USB_DEVICE/App/usbd_desc.c ****   *                             www.st.com/SLA0044
  17:USB_DEVICE/App/usbd_desc.c ****   *
  18:USB_DEVICE/App/usbd_desc.c ****   ******************************************************************************
  19:USB_DEVICE/App/usbd_desc.c ****   */
  20:USB_DEVICE/App/usbd_desc.c **** /* USER CODE END Header */
  21:USB_DEVICE/App/usbd_desc.c **** 
  22:USB_DEVICE/App/usbd_desc.c **** /* Includes ------------------------------------------------------------------*/
  23:USB_DEVICE/App/usbd_desc.c **** #include "usbd_core.h"
  24:USB_DEVICE/App/usbd_desc.c **** #include "usbd_desc.h"
  25:USB_DEVICE/App/usbd_desc.c **** #include "usbd_conf.h"
  26:USB_DEVICE/App/usbd_desc.c **** 
  27:USB_DEVICE/App/usbd_desc.c **** /* USER CODE BEGIN INCLUDE */
  28:USB_DEVICE/App/usbd_desc.c **** 
  29:USB_DEVICE/App/usbd_desc.c **** /* USER CODE END INCLUDE */
  30:USB_DEVICE/App/usbd_desc.c **** 
  31:USB_DEVICE/App/usbd_desc.c **** /* Private typedef -----------------------------------------------------------*/
ARM GAS  C:\Users\User\AppData\Local\Temp\ccpWXaJa.s 			page 2


  32:USB_DEVICE/App/usbd_desc.c **** /* Private define ------------------------------------------------------------*/
  33:USB_DEVICE/App/usbd_desc.c **** /* Private macro -------------------------------------------------------------*/
  34:USB_DEVICE/App/usbd_desc.c **** 
  35:USB_DEVICE/App/usbd_desc.c **** /* USER CODE BEGIN PV */
  36:USB_DEVICE/App/usbd_desc.c **** /* Private variables ---------------------------------------------------------*/
  37:USB_DEVICE/App/usbd_desc.c **** 
  38:USB_DEVICE/App/usbd_desc.c **** /* USER CODE END PV */
  39:USB_DEVICE/App/usbd_desc.c **** 
  40:USB_DEVICE/App/usbd_desc.c **** /** @addtogroup STM32_USB_OTG_DEVICE_LIBRARY
  41:USB_DEVICE/App/usbd_desc.c ****   * @{
  42:USB_DEVICE/App/usbd_desc.c ****   */
  43:USB_DEVICE/App/usbd_desc.c **** 
  44:USB_DEVICE/App/usbd_desc.c **** /** @addtogroup USBD_DESC
  45:USB_DEVICE/App/usbd_desc.c ****   * @{
  46:USB_DEVICE/App/usbd_desc.c ****   */
  47:USB_DEVICE/App/usbd_desc.c **** 
  48:USB_DEVICE/App/usbd_desc.c **** /** @defgroup USBD_DESC_Private_TypesDefinitions USBD_DESC_Private_TypesDefinitions
  49:USB_DEVICE/App/usbd_desc.c ****   * @brief Private types.
  50:USB_DEVICE/App/usbd_desc.c ****   * @{
  51:USB_DEVICE/App/usbd_desc.c ****   */
  52:USB_DEVICE/App/usbd_desc.c **** 
  53:USB_DEVICE/App/usbd_desc.c **** /* USER CODE BEGIN PRIVATE_TYPES */
  54:USB_DEVICE/App/usbd_desc.c **** 
  55:USB_DEVICE/App/usbd_desc.c **** /* USER CODE END PRIVATE_TYPES */
  56:USB_DEVICE/App/usbd_desc.c **** 
  57:USB_DEVICE/App/usbd_desc.c **** /**
  58:USB_DEVICE/App/usbd_desc.c ****   * @}
  59:USB_DEVICE/App/usbd_desc.c ****   */
  60:USB_DEVICE/App/usbd_desc.c **** 
  61:USB_DEVICE/App/usbd_desc.c **** /** @defgroup USBD_DESC_Private_Defines USBD_DESC_Private_Defines
  62:USB_DEVICE/App/usbd_desc.c ****   * @brief Private defines.
  63:USB_DEVICE/App/usbd_desc.c ****   * @{
  64:USB_DEVICE/App/usbd_desc.c ****   */
  65:USB_DEVICE/App/usbd_desc.c **** 
  66:USB_DEVICE/App/usbd_desc.c **** #define USBD_VID     1155
  67:USB_DEVICE/App/usbd_desc.c **** #define USBD_LANGID_STRING     1033
  68:USB_DEVICE/App/usbd_desc.c **** #define USBD_MANUFACTURER_STRING     "STMicroelectronics"
  69:USB_DEVICE/App/usbd_desc.c **** #define USBD_PID_FS     22336
  70:USB_DEVICE/App/usbd_desc.c **** #define USBD_PRODUCT_STRING_FS     "STM32 Virtual ComPort"
  71:USB_DEVICE/App/usbd_desc.c **** #define USBD_CONFIGURATION_STRING_FS     "CDC Config"
  72:USB_DEVICE/App/usbd_desc.c **** #define USBD_INTERFACE_STRING_FS     "CDC Interface"
  73:USB_DEVICE/App/usbd_desc.c **** 
  74:USB_DEVICE/App/usbd_desc.c **** #define USB_SIZ_BOS_DESC            0x0C
  75:USB_DEVICE/App/usbd_desc.c **** 
  76:USB_DEVICE/App/usbd_desc.c **** /* USER CODE BEGIN PRIVATE_DEFINES */
  77:USB_DEVICE/App/usbd_desc.c **** 
  78:USB_DEVICE/App/usbd_desc.c **** /* USER CODE END PRIVATE_DEFINES */
  79:USB_DEVICE/App/usbd_desc.c **** 
  80:USB_DEVICE/App/usbd_desc.c **** /**
  81:USB_DEVICE/App/usbd_desc.c ****   * @}
  82:USB_DEVICE/App/usbd_desc.c ****   */
  83:USB_DEVICE/App/usbd_desc.c **** 
  84:USB_DEVICE/App/usbd_desc.c **** /* USER CODE BEGIN 0 */
  85:USB_DEVICE/App/usbd_desc.c **** 
  86:USB_DEVICE/App/usbd_desc.c **** /* USER CODE END 0 */
  87:USB_DEVICE/App/usbd_desc.c **** 
  88:USB_DEVICE/App/usbd_desc.c **** /** @defgroup USBD_DESC_Private_Macros USBD_DESC_Private_Macros
ARM GAS  C:\Users\User\AppData\Local\Temp\ccpWXaJa.s 			page 3


  89:USB_DEVICE/App/usbd_desc.c ****   * @brief Private macros.
  90:USB_DEVICE/App/usbd_desc.c ****   * @{
  91:USB_DEVICE/App/usbd_desc.c ****   */
  92:USB_DEVICE/App/usbd_desc.c **** 
  93:USB_DEVICE/App/usbd_desc.c **** /* USER CODE BEGIN PRIVATE_MACRO */
  94:USB_DEVICE/App/usbd_desc.c **** 
  95:USB_DEVICE/App/usbd_desc.c **** /* USER CODE END PRIVATE_MACRO */
  96:USB_DEVICE/App/usbd_desc.c **** 
  97:USB_DEVICE/App/usbd_desc.c **** /**
  98:USB_DEVICE/App/usbd_desc.c ****   * @}
  99:USB_DEVICE/App/usbd_desc.c ****   */
 100:USB_DEVICE/App/usbd_desc.c **** 
 101:USB_DEVICE/App/usbd_desc.c **** /** @defgroup USBD_DESC_Private_FunctionPrototypes USBD_DESC_Private_FunctionPrototypes
 102:USB_DEVICE/App/usbd_desc.c ****   * @brief Private functions declaration.
 103:USB_DEVICE/App/usbd_desc.c ****   * @{
 104:USB_DEVICE/App/usbd_desc.c ****   */
 105:USB_DEVICE/App/usbd_desc.c **** 
 106:USB_DEVICE/App/usbd_desc.c **** static void Get_SerialNum(void);
 107:USB_DEVICE/App/usbd_desc.c **** static void IntToUnicode(uint32_t value, uint8_t * pbuf, uint8_t len);
 108:USB_DEVICE/App/usbd_desc.c **** 
 109:USB_DEVICE/App/usbd_desc.c **** /**
 110:USB_DEVICE/App/usbd_desc.c ****   * @}
 111:USB_DEVICE/App/usbd_desc.c ****   */
 112:USB_DEVICE/App/usbd_desc.c **** 
 113:USB_DEVICE/App/usbd_desc.c **** /** @defgroup USBD_DESC_Private_FunctionPrototypes USBD_DESC_Private_FunctionPrototypes
 114:USB_DEVICE/App/usbd_desc.c ****   * @brief Private functions declaration for FS.
 115:USB_DEVICE/App/usbd_desc.c ****   * @{
 116:USB_DEVICE/App/usbd_desc.c ****   */
 117:USB_DEVICE/App/usbd_desc.c **** 
 118:USB_DEVICE/App/usbd_desc.c **** uint8_t * USBD_FS_DeviceDescriptor(USBD_SpeedTypeDef speed, uint16_t *length);
 119:USB_DEVICE/App/usbd_desc.c **** uint8_t * USBD_FS_LangIDStrDescriptor(USBD_SpeedTypeDef speed, uint16_t *length);
 120:USB_DEVICE/App/usbd_desc.c **** uint8_t * USBD_FS_ManufacturerStrDescriptor(USBD_SpeedTypeDef speed, uint16_t *length);
 121:USB_DEVICE/App/usbd_desc.c **** uint8_t * USBD_FS_ProductStrDescriptor(USBD_SpeedTypeDef speed, uint16_t *length);
 122:USB_DEVICE/App/usbd_desc.c **** uint8_t * USBD_FS_SerialStrDescriptor(USBD_SpeedTypeDef speed, uint16_t *length);
 123:USB_DEVICE/App/usbd_desc.c **** uint8_t * USBD_FS_ConfigStrDescriptor(USBD_SpeedTypeDef speed, uint16_t *length);
 124:USB_DEVICE/App/usbd_desc.c **** uint8_t * USBD_FS_InterfaceStrDescriptor(USBD_SpeedTypeDef speed, uint16_t *length);
 125:USB_DEVICE/App/usbd_desc.c **** #if (USBD_LPM_ENABLED == 1)
 126:USB_DEVICE/App/usbd_desc.c **** uint8_t * USBD_FS_USR_BOSDescriptor(USBD_SpeedTypeDef speed, uint16_t *length);
 127:USB_DEVICE/App/usbd_desc.c **** #endif /* (USBD_LPM_ENABLED == 1) */
 128:USB_DEVICE/App/usbd_desc.c **** 
 129:USB_DEVICE/App/usbd_desc.c **** /**
 130:USB_DEVICE/App/usbd_desc.c ****   * @}
 131:USB_DEVICE/App/usbd_desc.c ****   */
 132:USB_DEVICE/App/usbd_desc.c **** 
 133:USB_DEVICE/App/usbd_desc.c **** /** @defgroup USBD_DESC_Private_Variables USBD_DESC_Private_Variables
 134:USB_DEVICE/App/usbd_desc.c ****   * @brief Private variables.
 135:USB_DEVICE/App/usbd_desc.c ****   * @{
 136:USB_DEVICE/App/usbd_desc.c ****   */
 137:USB_DEVICE/App/usbd_desc.c **** 
 138:USB_DEVICE/App/usbd_desc.c **** USBD_DescriptorsTypeDef FS_Desc =
 139:USB_DEVICE/App/usbd_desc.c **** {
 140:USB_DEVICE/App/usbd_desc.c ****   USBD_FS_DeviceDescriptor
 141:USB_DEVICE/App/usbd_desc.c **** , USBD_FS_LangIDStrDescriptor
 142:USB_DEVICE/App/usbd_desc.c **** , USBD_FS_ManufacturerStrDescriptor
 143:USB_DEVICE/App/usbd_desc.c **** , USBD_FS_ProductStrDescriptor
 144:USB_DEVICE/App/usbd_desc.c **** , USBD_FS_SerialStrDescriptor
 145:USB_DEVICE/App/usbd_desc.c **** , USBD_FS_ConfigStrDescriptor
ARM GAS  C:\Users\User\AppData\Local\Temp\ccpWXaJa.s 			page 4


 146:USB_DEVICE/App/usbd_desc.c **** , USBD_FS_InterfaceStrDescriptor
 147:USB_DEVICE/App/usbd_desc.c **** #if (USBD_LPM_ENABLED == 1)
 148:USB_DEVICE/App/usbd_desc.c **** , USBD_FS_USR_BOSDescriptor
 149:USB_DEVICE/App/usbd_desc.c **** #endif /* (USBD_LPM_ENABLED == 1) */
 150:USB_DEVICE/App/usbd_desc.c **** };
 151:USB_DEVICE/App/usbd_desc.c **** 
 152:USB_DEVICE/App/usbd_desc.c **** #if defined ( __ICCARM__ ) /* IAR Compiler */
 153:USB_DEVICE/App/usbd_desc.c ****   #pragma data_alignment=4
 154:USB_DEVICE/App/usbd_desc.c **** #endif /* defined ( __ICCARM__ ) */
 155:USB_DEVICE/App/usbd_desc.c **** /** USB standard device descriptor. */
 156:USB_DEVICE/App/usbd_desc.c **** __ALIGN_BEGIN uint8_t USBD_FS_DeviceDesc[USB_LEN_DEV_DESC] __ALIGN_END =
 157:USB_DEVICE/App/usbd_desc.c **** {
 158:USB_DEVICE/App/usbd_desc.c ****   0x12,                       /*bLength */
 159:USB_DEVICE/App/usbd_desc.c ****   USB_DESC_TYPE_DEVICE,       /*bDescriptorType*/
 160:USB_DEVICE/App/usbd_desc.c **** #if (USBD_LPM_ENABLED == 1)
 161:USB_DEVICE/App/usbd_desc.c ****   0x01,                       /*bcdUSB */ /* changed to USB version 2.01
 162:USB_DEVICE/App/usbd_desc.c ****                                              in order to support LPM L1 suspend
 163:USB_DEVICE/App/usbd_desc.c ****                                              resume test of USBCV3.0*/
 164:USB_DEVICE/App/usbd_desc.c **** #else
 165:USB_DEVICE/App/usbd_desc.c ****   0x00,                       /*bcdUSB */
 166:USB_DEVICE/App/usbd_desc.c **** #endif /* (USBD_LPM_ENABLED == 1) */
 167:USB_DEVICE/App/usbd_desc.c ****   0x02,
 168:USB_DEVICE/App/usbd_desc.c ****   0x02,                       /*bDeviceClass*/
 169:USB_DEVICE/App/usbd_desc.c ****   0x02,                       /*bDeviceSubClass*/
 170:USB_DEVICE/App/usbd_desc.c ****   0x00,                       /*bDeviceProtocol*/
 171:USB_DEVICE/App/usbd_desc.c ****   USB_MAX_EP0_SIZE,           /*bMaxPacketSize*/
 172:USB_DEVICE/App/usbd_desc.c ****   LOBYTE(USBD_VID),           /*idVendor*/
 173:USB_DEVICE/App/usbd_desc.c ****   HIBYTE(USBD_VID),           /*idVendor*/
 174:USB_DEVICE/App/usbd_desc.c ****   LOBYTE(USBD_PID_FS),        /*idProduct*/
 175:USB_DEVICE/App/usbd_desc.c ****   HIBYTE(USBD_PID_FS),        /*idProduct*/
 176:USB_DEVICE/App/usbd_desc.c ****   0x00,                       /*bcdDevice rel. 2.00*/
 177:USB_DEVICE/App/usbd_desc.c ****   0x02,
 178:USB_DEVICE/App/usbd_desc.c ****   USBD_IDX_MFC_STR,           /*Index of manufacturer  string*/
 179:USB_DEVICE/App/usbd_desc.c ****   USBD_IDX_PRODUCT_STR,       /*Index of product string*/
 180:USB_DEVICE/App/usbd_desc.c ****   USBD_IDX_SERIAL_STR,        /*Index of serial number string*/
 181:USB_DEVICE/App/usbd_desc.c ****   USBD_MAX_NUM_CONFIGURATION  /*bNumConfigurations*/
 182:USB_DEVICE/App/usbd_desc.c **** };
 183:USB_DEVICE/App/usbd_desc.c **** 
 184:USB_DEVICE/App/usbd_desc.c **** /* USB_DeviceDescriptor */
 185:USB_DEVICE/App/usbd_desc.c **** /** BOS descriptor. */
 186:USB_DEVICE/App/usbd_desc.c **** #if (USBD_LPM_ENABLED == 1)
 187:USB_DEVICE/App/usbd_desc.c **** #if defined ( __ICCARM__ ) /* IAR Compiler */
 188:USB_DEVICE/App/usbd_desc.c ****   #pragma data_alignment=4
 189:USB_DEVICE/App/usbd_desc.c **** #endif /* defined ( __ICCARM__ ) */
 190:USB_DEVICE/App/usbd_desc.c **** __ALIGN_BEGIN uint8_t USBD_FS_BOSDesc[USB_SIZ_BOS_DESC] __ALIGN_END =
 191:USB_DEVICE/App/usbd_desc.c **** {
 192:USB_DEVICE/App/usbd_desc.c ****   0x5,
 193:USB_DEVICE/App/usbd_desc.c ****   USB_DESC_TYPE_BOS,
 194:USB_DEVICE/App/usbd_desc.c ****   0xC,
 195:USB_DEVICE/App/usbd_desc.c ****   0x0,
 196:USB_DEVICE/App/usbd_desc.c ****   0x1,  /* 1 device capability*/
 197:USB_DEVICE/App/usbd_desc.c ****         /* device capability*/
 198:USB_DEVICE/App/usbd_desc.c ****   0x7,
 199:USB_DEVICE/App/usbd_desc.c ****   USB_DEVICE_CAPABITY_TYPE,
 200:USB_DEVICE/App/usbd_desc.c ****   0x2,
 201:USB_DEVICE/App/usbd_desc.c ****   0x2,  /* LPM capability bit set*/
 202:USB_DEVICE/App/usbd_desc.c ****   0x0,
ARM GAS  C:\Users\User\AppData\Local\Temp\ccpWXaJa.s 			page 5


 203:USB_DEVICE/App/usbd_desc.c ****   0x0,
 204:USB_DEVICE/App/usbd_desc.c ****   0x0
 205:USB_DEVICE/App/usbd_desc.c **** };
 206:USB_DEVICE/App/usbd_desc.c **** #endif /* (USBD_LPM_ENABLED == 1) */
 207:USB_DEVICE/App/usbd_desc.c **** 
 208:USB_DEVICE/App/usbd_desc.c **** /**
 209:USB_DEVICE/App/usbd_desc.c ****   * @}
 210:USB_DEVICE/App/usbd_desc.c ****   */
 211:USB_DEVICE/App/usbd_desc.c **** 
 212:USB_DEVICE/App/usbd_desc.c **** /** @defgroup USBD_DESC_Private_Variables USBD_DESC_Private_Variables
 213:USB_DEVICE/App/usbd_desc.c ****   * @brief Private variables.
 214:USB_DEVICE/App/usbd_desc.c ****   * @{
 215:USB_DEVICE/App/usbd_desc.c ****   */
 216:USB_DEVICE/App/usbd_desc.c **** 
 217:USB_DEVICE/App/usbd_desc.c **** #if defined ( __ICCARM__ ) /* IAR Compiler */
 218:USB_DEVICE/App/usbd_desc.c ****   #pragma data_alignment=4
 219:USB_DEVICE/App/usbd_desc.c **** #endif /* defined ( __ICCARM__ ) */
 220:USB_DEVICE/App/usbd_desc.c **** 
 221:USB_DEVICE/App/usbd_desc.c **** /** USB lang indentifier descriptor. */
 222:USB_DEVICE/App/usbd_desc.c **** __ALIGN_BEGIN uint8_t USBD_LangIDDesc[USB_LEN_LANGID_STR_DESC] __ALIGN_END =
 223:USB_DEVICE/App/usbd_desc.c **** {
 224:USB_DEVICE/App/usbd_desc.c ****      USB_LEN_LANGID_STR_DESC,
 225:USB_DEVICE/App/usbd_desc.c ****      USB_DESC_TYPE_STRING,
 226:USB_DEVICE/App/usbd_desc.c ****      LOBYTE(USBD_LANGID_STRING),
 227:USB_DEVICE/App/usbd_desc.c ****      HIBYTE(USBD_LANGID_STRING)
 228:USB_DEVICE/App/usbd_desc.c **** };
 229:USB_DEVICE/App/usbd_desc.c **** 
 230:USB_DEVICE/App/usbd_desc.c **** #if defined ( __ICCARM__ ) /* IAR Compiler */
 231:USB_DEVICE/App/usbd_desc.c ****   #pragma data_alignment=4
 232:USB_DEVICE/App/usbd_desc.c **** #endif /* defined ( __ICCARM__ ) */
 233:USB_DEVICE/App/usbd_desc.c **** /* Internal string descriptor. */
 234:USB_DEVICE/App/usbd_desc.c **** __ALIGN_BEGIN uint8_t USBD_StrDesc[USBD_MAX_STR_DESC_SIZ] __ALIGN_END;
 235:USB_DEVICE/App/usbd_desc.c **** 
 236:USB_DEVICE/App/usbd_desc.c **** #if defined ( __ICCARM__ ) /*!< IAR Compiler */
 237:USB_DEVICE/App/usbd_desc.c ****   #pragma data_alignment=4
 238:USB_DEVICE/App/usbd_desc.c **** #endif
 239:USB_DEVICE/App/usbd_desc.c **** __ALIGN_BEGIN uint8_t USBD_StringSerial[USB_SIZ_STRING_SERIAL] __ALIGN_END = {
 240:USB_DEVICE/App/usbd_desc.c ****   USB_SIZ_STRING_SERIAL,
 241:USB_DEVICE/App/usbd_desc.c ****   USB_DESC_TYPE_STRING,
 242:USB_DEVICE/App/usbd_desc.c **** };
 243:USB_DEVICE/App/usbd_desc.c **** 
 244:USB_DEVICE/App/usbd_desc.c **** /**
 245:USB_DEVICE/App/usbd_desc.c ****   * @}
 246:USB_DEVICE/App/usbd_desc.c ****   */
 247:USB_DEVICE/App/usbd_desc.c **** 
 248:USB_DEVICE/App/usbd_desc.c **** /** @defgroup USBD_DESC_Private_Functions USBD_DESC_Private_Functions
 249:USB_DEVICE/App/usbd_desc.c ****   * @brief Private functions.
 250:USB_DEVICE/App/usbd_desc.c ****   * @{
 251:USB_DEVICE/App/usbd_desc.c ****   */
 252:USB_DEVICE/App/usbd_desc.c **** 
 253:USB_DEVICE/App/usbd_desc.c **** /**
 254:USB_DEVICE/App/usbd_desc.c ****   * @brief  Return the device descriptor
 255:USB_DEVICE/App/usbd_desc.c ****   * @param  speed : Current device speed
 256:USB_DEVICE/App/usbd_desc.c ****   * @param  length : Pointer to data length variable
 257:USB_DEVICE/App/usbd_desc.c ****   * @retval Pointer to descriptor buffer
 258:USB_DEVICE/App/usbd_desc.c ****   */
 259:USB_DEVICE/App/usbd_desc.c **** uint8_t * USBD_FS_DeviceDescriptor(USBD_SpeedTypeDef speed, uint16_t *length)
ARM GAS  C:\Users\User\AppData\Local\Temp\ccpWXaJa.s 			page 6


 260:USB_DEVICE/App/usbd_desc.c **** {
  28              		.loc 1 260 0
  29              		.cfi_startproc
  30              		@ args = 0, pretend = 0, frame = 0
  31              		@ frame_needed = 0, uses_anonymous_args = 0
  32              		@ link register save eliminated.
  33              	.LVL0:
 261:USB_DEVICE/App/usbd_desc.c ****   UNUSED(speed);
 262:USB_DEVICE/App/usbd_desc.c ****   *length = sizeof(USBD_FS_DeviceDesc);
  34              		.loc 1 262 0
  35 0000 1223     		movs	r3, #18
  36 0002 0B80     		strh	r3, [r1]	@ movhi
 263:USB_DEVICE/App/usbd_desc.c ****   return USBD_FS_DeviceDesc;
 264:USB_DEVICE/App/usbd_desc.c **** }
  37              		.loc 1 264 0
  38 0004 0048     		ldr	r0, .L2
  39              	.LVL1:
  40 0006 7047     		bx	lr
  41              	.L3:
  42              		.align	2
  43              	.L2:
  44 0008 00000000 		.word	.LANCHOR0
  45              		.cfi_endproc
  46              	.LFE134:
  48              		.section	.text.USBD_FS_LangIDStrDescriptor,"ax",%progbits
  49              		.align	1
  50              		.global	USBD_FS_LangIDStrDescriptor
  51              		.syntax unified
  52              		.thumb
  53              		.thumb_func
  54              		.fpu fpv4-sp-d16
  56              	USBD_FS_LangIDStrDescriptor:
  57              	.LFB135:
 265:USB_DEVICE/App/usbd_desc.c **** 
 266:USB_DEVICE/App/usbd_desc.c **** /**
 267:USB_DEVICE/App/usbd_desc.c ****   * @brief  Return the LangID string descriptor
 268:USB_DEVICE/App/usbd_desc.c ****   * @param  speed : Current device speed
 269:USB_DEVICE/App/usbd_desc.c ****   * @param  length : Pointer to data length variable
 270:USB_DEVICE/App/usbd_desc.c ****   * @retval Pointer to descriptor buffer
 271:USB_DEVICE/App/usbd_desc.c ****   */
 272:USB_DEVICE/App/usbd_desc.c **** uint8_t * USBD_FS_LangIDStrDescriptor(USBD_SpeedTypeDef speed, uint16_t *length)
 273:USB_DEVICE/App/usbd_desc.c **** {
  58              		.loc 1 273 0
  59              		.cfi_startproc
  60              		@ args = 0, pretend = 0, frame = 0
  61              		@ frame_needed = 0, uses_anonymous_args = 0
  62              		@ link register save eliminated.
  63              	.LVL2:
 274:USB_DEVICE/App/usbd_desc.c ****   UNUSED(speed);
 275:USB_DEVICE/App/usbd_desc.c ****   *length = sizeof(USBD_LangIDDesc);
  64              		.loc 1 275 0
  65 0000 0423     		movs	r3, #4
  66 0002 0B80     		strh	r3, [r1]	@ movhi
 276:USB_DEVICE/App/usbd_desc.c ****   return USBD_LangIDDesc;
 277:USB_DEVICE/App/usbd_desc.c **** }
  67              		.loc 1 277 0
  68 0004 0048     		ldr	r0, .L5
ARM GAS  C:\Users\User\AppData\Local\Temp\ccpWXaJa.s 			page 7


  69              	.LVL3:
  70 0006 7047     		bx	lr
  71              	.L6:
  72              		.align	2
  73              	.L5:
  74 0008 00000000 		.word	.LANCHOR1
  75              		.cfi_endproc
  76              	.LFE135:
  78              		.section	.text.IntToUnicode,"ax",%progbits
  79              		.align	1
  80              		.syntax unified
  81              		.thumb
  82              		.thumb_func
  83              		.fpu fpv4-sp-d16
  85              	IntToUnicode:
  86              	.LFB142:
 278:USB_DEVICE/App/usbd_desc.c **** 
 279:USB_DEVICE/App/usbd_desc.c **** /**
 280:USB_DEVICE/App/usbd_desc.c ****   * @brief  Return the product string descriptor
 281:USB_DEVICE/App/usbd_desc.c ****   * @param  speed : Current device speed
 282:USB_DEVICE/App/usbd_desc.c ****   * @param  length : Pointer to data length variable
 283:USB_DEVICE/App/usbd_desc.c ****   * @retval Pointer to descriptor buffer
 284:USB_DEVICE/App/usbd_desc.c ****   */
 285:USB_DEVICE/App/usbd_desc.c **** uint8_t * USBD_FS_ProductStrDescriptor(USBD_SpeedTypeDef speed, uint16_t *length)
 286:USB_DEVICE/App/usbd_desc.c **** {
 287:USB_DEVICE/App/usbd_desc.c ****   if(speed == 0)
 288:USB_DEVICE/App/usbd_desc.c ****   {
 289:USB_DEVICE/App/usbd_desc.c ****     USBD_GetString((uint8_t *)USBD_PRODUCT_STRING_FS, USBD_StrDesc, length);
 290:USB_DEVICE/App/usbd_desc.c ****   }
 291:USB_DEVICE/App/usbd_desc.c ****   else
 292:USB_DEVICE/App/usbd_desc.c ****   {
 293:USB_DEVICE/App/usbd_desc.c ****     USBD_GetString((uint8_t *)USBD_PRODUCT_STRING_FS, USBD_StrDesc, length);
 294:USB_DEVICE/App/usbd_desc.c ****   }
 295:USB_DEVICE/App/usbd_desc.c ****   return USBD_StrDesc;
 296:USB_DEVICE/App/usbd_desc.c **** }
 297:USB_DEVICE/App/usbd_desc.c **** 
 298:USB_DEVICE/App/usbd_desc.c **** /**
 299:USB_DEVICE/App/usbd_desc.c ****   * @brief  Return the manufacturer string descriptor
 300:USB_DEVICE/App/usbd_desc.c ****   * @param  speed : Current device speed
 301:USB_DEVICE/App/usbd_desc.c ****   * @param  length : Pointer to data length variable
 302:USB_DEVICE/App/usbd_desc.c ****   * @retval Pointer to descriptor buffer
 303:USB_DEVICE/App/usbd_desc.c ****   */
 304:USB_DEVICE/App/usbd_desc.c **** uint8_t * USBD_FS_ManufacturerStrDescriptor(USBD_SpeedTypeDef speed, uint16_t *length)
 305:USB_DEVICE/App/usbd_desc.c **** {
 306:USB_DEVICE/App/usbd_desc.c ****   UNUSED(speed);
 307:USB_DEVICE/App/usbd_desc.c ****   USBD_GetString((uint8_t *)USBD_MANUFACTURER_STRING, USBD_StrDesc, length);
 308:USB_DEVICE/App/usbd_desc.c ****   return USBD_StrDesc;
 309:USB_DEVICE/App/usbd_desc.c **** }
 310:USB_DEVICE/App/usbd_desc.c **** 
 311:USB_DEVICE/App/usbd_desc.c **** /**
 312:USB_DEVICE/App/usbd_desc.c ****   * @brief  Return the serial number string descriptor
 313:USB_DEVICE/App/usbd_desc.c ****   * @param  speed : Current device speed
 314:USB_DEVICE/App/usbd_desc.c ****   * @param  length : Pointer to data length variable
 315:USB_DEVICE/App/usbd_desc.c ****   * @retval Pointer to descriptor buffer
 316:USB_DEVICE/App/usbd_desc.c ****   */
 317:USB_DEVICE/App/usbd_desc.c **** uint8_t * USBD_FS_SerialStrDescriptor(USBD_SpeedTypeDef speed, uint16_t *length)
 318:USB_DEVICE/App/usbd_desc.c **** {
ARM GAS  C:\Users\User\AppData\Local\Temp\ccpWXaJa.s 			page 8


 319:USB_DEVICE/App/usbd_desc.c ****   UNUSED(speed);
 320:USB_DEVICE/App/usbd_desc.c ****   *length = USB_SIZ_STRING_SERIAL;
 321:USB_DEVICE/App/usbd_desc.c **** 
 322:USB_DEVICE/App/usbd_desc.c ****   /* Update the serial number string descriptor with the data from the unique
 323:USB_DEVICE/App/usbd_desc.c ****    * ID */
 324:USB_DEVICE/App/usbd_desc.c ****   Get_SerialNum();
 325:USB_DEVICE/App/usbd_desc.c ****   /* USER CODE BEGIN USBD_FS_SerialStrDescriptor */
 326:USB_DEVICE/App/usbd_desc.c **** 
 327:USB_DEVICE/App/usbd_desc.c ****   /* USER CODE END USBD_FS_SerialStrDescriptor */
 328:USB_DEVICE/App/usbd_desc.c ****   return (uint8_t *) USBD_StringSerial;
 329:USB_DEVICE/App/usbd_desc.c **** }
 330:USB_DEVICE/App/usbd_desc.c **** 
 331:USB_DEVICE/App/usbd_desc.c **** /**
 332:USB_DEVICE/App/usbd_desc.c ****   * @brief  Return the configuration string descriptor
 333:USB_DEVICE/App/usbd_desc.c ****   * @param  speed : Current device speed
 334:USB_DEVICE/App/usbd_desc.c ****   * @param  length : Pointer to data length variable
 335:USB_DEVICE/App/usbd_desc.c ****   * @retval Pointer to descriptor buffer
 336:USB_DEVICE/App/usbd_desc.c ****   */
 337:USB_DEVICE/App/usbd_desc.c **** uint8_t * USBD_FS_ConfigStrDescriptor(USBD_SpeedTypeDef speed, uint16_t *length)
 338:USB_DEVICE/App/usbd_desc.c **** {
 339:USB_DEVICE/App/usbd_desc.c ****   if(speed == USBD_SPEED_HIGH)
 340:USB_DEVICE/App/usbd_desc.c ****   {
 341:USB_DEVICE/App/usbd_desc.c ****     USBD_GetString((uint8_t *)USBD_CONFIGURATION_STRING_FS, USBD_StrDesc, length);
 342:USB_DEVICE/App/usbd_desc.c ****   }
 343:USB_DEVICE/App/usbd_desc.c ****   else
 344:USB_DEVICE/App/usbd_desc.c ****   {
 345:USB_DEVICE/App/usbd_desc.c ****     USBD_GetString((uint8_t *)USBD_CONFIGURATION_STRING_FS, USBD_StrDesc, length);
 346:USB_DEVICE/App/usbd_desc.c ****   }
 347:USB_DEVICE/App/usbd_desc.c ****   return USBD_StrDesc;
 348:USB_DEVICE/App/usbd_desc.c **** }
 349:USB_DEVICE/App/usbd_desc.c **** 
 350:USB_DEVICE/App/usbd_desc.c **** /**
 351:USB_DEVICE/App/usbd_desc.c ****   * @brief  Return the interface string descriptor
 352:USB_DEVICE/App/usbd_desc.c ****   * @param  speed : Current device speed
 353:USB_DEVICE/App/usbd_desc.c ****   * @param  length : Pointer to data length variable
 354:USB_DEVICE/App/usbd_desc.c ****   * @retval Pointer to descriptor buffer
 355:USB_DEVICE/App/usbd_desc.c ****   */
 356:USB_DEVICE/App/usbd_desc.c **** uint8_t * USBD_FS_InterfaceStrDescriptor(USBD_SpeedTypeDef speed, uint16_t *length)
 357:USB_DEVICE/App/usbd_desc.c **** {
 358:USB_DEVICE/App/usbd_desc.c ****   if(speed == 0)
 359:USB_DEVICE/App/usbd_desc.c ****   {
 360:USB_DEVICE/App/usbd_desc.c ****     USBD_GetString((uint8_t *)USBD_INTERFACE_STRING_FS, USBD_StrDesc, length);
 361:USB_DEVICE/App/usbd_desc.c ****   }
 362:USB_DEVICE/App/usbd_desc.c ****   else
 363:USB_DEVICE/App/usbd_desc.c ****   {
 364:USB_DEVICE/App/usbd_desc.c ****     USBD_GetString((uint8_t *)USBD_INTERFACE_STRING_FS, USBD_StrDesc, length);
 365:USB_DEVICE/App/usbd_desc.c ****   }
 366:USB_DEVICE/App/usbd_desc.c ****   return USBD_StrDesc;
 367:USB_DEVICE/App/usbd_desc.c **** }
 368:USB_DEVICE/App/usbd_desc.c **** 
 369:USB_DEVICE/App/usbd_desc.c **** #if (USBD_LPM_ENABLED == 1)
 370:USB_DEVICE/App/usbd_desc.c **** /**
 371:USB_DEVICE/App/usbd_desc.c ****   * @brief  Return the BOS descriptor
 372:USB_DEVICE/App/usbd_desc.c ****   * @param  speed : Current device speed
 373:USB_DEVICE/App/usbd_desc.c ****   * @param  length : Pointer to data length variable
 374:USB_DEVICE/App/usbd_desc.c ****   * @retval Pointer to descriptor buffer
 375:USB_DEVICE/App/usbd_desc.c ****   */
ARM GAS  C:\Users\User\AppData\Local\Temp\ccpWXaJa.s 			page 9


 376:USB_DEVICE/App/usbd_desc.c **** uint8_t * USBD_FS_USR_BOSDescriptor(USBD_SpeedTypeDef speed, uint16_t *length)
 377:USB_DEVICE/App/usbd_desc.c **** {
 378:USB_DEVICE/App/usbd_desc.c ****   UNUSED(speed);
 379:USB_DEVICE/App/usbd_desc.c ****   *length = sizeof(USBD_FS_BOSDesc);
 380:USB_DEVICE/App/usbd_desc.c ****   return (uint8_t*)USBD_FS_BOSDesc;
 381:USB_DEVICE/App/usbd_desc.c **** }
 382:USB_DEVICE/App/usbd_desc.c **** #endif /* (USBD_LPM_ENABLED == 1) */
 383:USB_DEVICE/App/usbd_desc.c **** 
 384:USB_DEVICE/App/usbd_desc.c **** /**
 385:USB_DEVICE/App/usbd_desc.c ****   * @brief  Create the serial number string descriptor
 386:USB_DEVICE/App/usbd_desc.c ****   * @param  None
 387:USB_DEVICE/App/usbd_desc.c ****   * @retval None
 388:USB_DEVICE/App/usbd_desc.c ****   */
 389:USB_DEVICE/App/usbd_desc.c **** static void Get_SerialNum(void)
 390:USB_DEVICE/App/usbd_desc.c **** {
 391:USB_DEVICE/App/usbd_desc.c ****   uint32_t deviceserial0, deviceserial1, deviceserial2;
 392:USB_DEVICE/App/usbd_desc.c **** 
 393:USB_DEVICE/App/usbd_desc.c ****   deviceserial0 = *(uint32_t *) DEVICE_ID1;
 394:USB_DEVICE/App/usbd_desc.c ****   deviceserial1 = *(uint32_t *) DEVICE_ID2;
 395:USB_DEVICE/App/usbd_desc.c ****   deviceserial2 = *(uint32_t *) DEVICE_ID3;
 396:USB_DEVICE/App/usbd_desc.c **** 
 397:USB_DEVICE/App/usbd_desc.c ****   deviceserial0 += deviceserial2;
 398:USB_DEVICE/App/usbd_desc.c **** 
 399:USB_DEVICE/App/usbd_desc.c ****   if (deviceserial0 != 0)
 400:USB_DEVICE/App/usbd_desc.c ****   {
 401:USB_DEVICE/App/usbd_desc.c ****     IntToUnicode(deviceserial0, &USBD_StringSerial[2], 8);
 402:USB_DEVICE/App/usbd_desc.c ****     IntToUnicode(deviceserial1, &USBD_StringSerial[18], 4);
 403:USB_DEVICE/App/usbd_desc.c ****   }
 404:USB_DEVICE/App/usbd_desc.c **** }
 405:USB_DEVICE/App/usbd_desc.c **** 
 406:USB_DEVICE/App/usbd_desc.c **** /**
 407:USB_DEVICE/App/usbd_desc.c ****   * @brief  Convert Hex 32Bits value into char
 408:USB_DEVICE/App/usbd_desc.c ****   * @param  value: value to convert
 409:USB_DEVICE/App/usbd_desc.c ****   * @param  pbuf: pointer to the buffer
 410:USB_DEVICE/App/usbd_desc.c ****   * @param  len: buffer length
 411:USB_DEVICE/App/usbd_desc.c ****   * @retval None
 412:USB_DEVICE/App/usbd_desc.c ****   */
 413:USB_DEVICE/App/usbd_desc.c **** static void IntToUnicode(uint32_t value, uint8_t * pbuf, uint8_t len)
 414:USB_DEVICE/App/usbd_desc.c **** {
  87              		.loc 1 414 0
  88              		.cfi_startproc
  89              		@ args = 0, pretend = 0, frame = 0
  90              		@ frame_needed = 0, uses_anonymous_args = 0
  91              		@ link register save eliminated.
  92              	.LVL4:
 415:USB_DEVICE/App/usbd_desc.c ****   uint8_t idx = 0;
 416:USB_DEVICE/App/usbd_desc.c **** 
 417:USB_DEVICE/App/usbd_desc.c ****   for (idx = 0; idx < len; idx++)
  93              		.loc 1 417 0
  94 0000 0023     		movs	r3, #0
  95              	.LVL5:
  96 0002 9342     		cmp	r3, r2
  97 0004 16D2     		bcs	.L15
 414:USB_DEVICE/App/usbd_desc.c ****   uint8_t idx = 0;
  98              		.loc 1 414 0
  99 0006 30B4     		push	{r4, r5}
 100              	.LCFI0:
ARM GAS  C:\Users\User\AppData\Local\Temp\ccpWXaJa.s 			page 10


 101              		.cfi_def_cfa_offset 8
 102              		.cfi_offset 4, -8
 103              		.cfi_offset 5, -4
 104 0008 0BE0     		b	.L11
 105              	.L9:
 418:USB_DEVICE/App/usbd_desc.c ****   {
 419:USB_DEVICE/App/usbd_desc.c ****     if (((value >> 28)) < 0xA)
 420:USB_DEVICE/App/usbd_desc.c ****     {
 421:USB_DEVICE/App/usbd_desc.c ****       pbuf[2 * idx] = (value >> 28) + '0';
 422:USB_DEVICE/App/usbd_desc.c ****     }
 423:USB_DEVICE/App/usbd_desc.c ****     else
 424:USB_DEVICE/App/usbd_desc.c ****     {
 425:USB_DEVICE/App/usbd_desc.c ****       pbuf[2 * idx] = (value >> 28) + 'A' - 10;
 106              		.loc 1 425 0
 107 000a 3734     		adds	r4, r4, #55
 108 000c 01F81340 		strb	r4, [r1, r3, lsl #1]
 109              	.L10:
 426:USB_DEVICE/App/usbd_desc.c ****     }
 427:USB_DEVICE/App/usbd_desc.c **** 
 428:USB_DEVICE/App/usbd_desc.c ****     value = value << 4;
 110              		.loc 1 428 0 discriminator 2
 111 0010 0001     		lsls	r0, r0, #4
 112              	.LVL6:
 429:USB_DEVICE/App/usbd_desc.c **** 
 430:USB_DEVICE/App/usbd_desc.c ****     pbuf[2 * idx + 1] = 0;
 113              		.loc 1 430 0 discriminator 2
 114 0012 5C00     		lsls	r4, r3, #1
 115 0014 0134     		adds	r4, r4, #1
 116 0016 0025     		movs	r5, #0
 117 0018 0D55     		strb	r5, [r1, r4]
 417:USB_DEVICE/App/usbd_desc.c ****   {
 118              		.loc 1 417 0 discriminator 2
 119 001a 0133     		adds	r3, r3, #1
 120              	.LVL7:
 121 001c DBB2     		uxtb	r3, r3
 122              	.LVL8:
 123 001e 9342     		cmp	r3, r2
 124 0020 06D2     		bcs	.L16
 125              	.L11:
 419:USB_DEVICE/App/usbd_desc.c ****     {
 126              		.loc 1 419 0
 127 0022 040F     		lsrs	r4, r0, #28
 128 0024 092C     		cmp	r4, #9
 129 0026 F0D8     		bhi	.L9
 421:USB_DEVICE/App/usbd_desc.c ****     }
 130              		.loc 1 421 0
 131 0028 3034     		adds	r4, r4, #48
 132 002a 01F81340 		strb	r4, [r1, r3, lsl #1]
 133 002e EFE7     		b	.L10
 134              	.L16:
 431:USB_DEVICE/App/usbd_desc.c ****   }
 432:USB_DEVICE/App/usbd_desc.c **** }
 135              		.loc 1 432 0
 136 0030 30BC     		pop	{r4, r5}
 137              	.LCFI1:
 138              		.cfi_restore 5
 139              		.cfi_restore 4
ARM GAS  C:\Users\User\AppData\Local\Temp\ccpWXaJa.s 			page 11


 140              		.cfi_def_cfa_offset 0
 141 0032 7047     		bx	lr
 142              	.L15:
 143 0034 7047     		bx	lr
 144              		.cfi_endproc
 145              	.LFE142:
 147              		.section	.text.Get_SerialNum,"ax",%progbits
 148              		.align	1
 149              		.syntax unified
 150              		.thumb
 151              		.thumb_func
 152              		.fpu fpv4-sp-d16
 154              	Get_SerialNum:
 155              	.LFB141:
 390:USB_DEVICE/App/usbd_desc.c ****   uint32_t deviceserial0, deviceserial1, deviceserial2;
 156              		.loc 1 390 0
 157              		.cfi_startproc
 158              		@ args = 0, pretend = 0, frame = 0
 159              		@ frame_needed = 0, uses_anonymous_args = 0
 160 0000 38B5     		push	{r3, r4, r5, lr}
 161              	.LCFI2:
 162              		.cfi_def_cfa_offset 16
 163              		.cfi_offset 3, -16
 164              		.cfi_offset 4, -12
 165              		.cfi_offset 5, -8
 166              		.cfi_offset 14, -4
 393:USB_DEVICE/App/usbd_desc.c ****   deviceserial1 = *(uint32_t *) DEVICE_ID2;
 167              		.loc 1 393 0
 168 0002 0A4B     		ldr	r3, .L21
 169 0004 1868     		ldr	r0, [r3]
 170              	.LVL9:
 394:USB_DEVICE/App/usbd_desc.c ****   deviceserial2 = *(uint32_t *) DEVICE_ID3;
 171              		.loc 1 394 0
 172 0006 0433     		adds	r3, r3, #4
 173 0008 1C68     		ldr	r4, [r3]
 174              	.LVL10:
 395:USB_DEVICE/App/usbd_desc.c **** 
 175              		.loc 1 395 0
 176 000a 0433     		adds	r3, r3, #4
 177 000c 1B68     		ldr	r3, [r3]
 178              	.LVL11:
 399:USB_DEVICE/App/usbd_desc.c ****   {
 179              		.loc 1 399 0
 180 000e C018     		adds	r0, r0, r3
 181              	.LVL12:
 182 0010 00D1     		bne	.L20
 183              	.LVL13:
 184              	.L17:
 404:USB_DEVICE/App/usbd_desc.c **** 
 185              		.loc 1 404 0
 186 0012 38BD     		pop	{r3, r4, r5, pc}
 187              	.LVL14:
 188              	.L20:
 401:USB_DEVICE/App/usbd_desc.c ****     IntToUnicode(deviceserial1, &USBD_StringSerial[18], 4);
 189              		.loc 1 401 0
 190 0014 064D     		ldr	r5, .L21+4
 191 0016 0822     		movs	r2, #8
ARM GAS  C:\Users\User\AppData\Local\Temp\ccpWXaJa.s 			page 12


 192 0018 A91C     		adds	r1, r5, #2
 193 001a FFF7FEFF 		bl	IntToUnicode
 194              	.LVL15:
 402:USB_DEVICE/App/usbd_desc.c ****   }
 195              		.loc 1 402 0
 196 001e 0422     		movs	r2, #4
 197 0020 05F11201 		add	r1, r5, #18
 198 0024 2046     		mov	r0, r4
 199 0026 FFF7FEFF 		bl	IntToUnicode
 200              	.LVL16:
 404:USB_DEVICE/App/usbd_desc.c **** 
 201              		.loc 1 404 0
 202 002a F2E7     		b	.L17
 203              	.L22:
 204              		.align	2
 205              	.L21:
 206 002c 107AFF1F 		.word	536836624
 207 0030 00000000 		.word	.LANCHOR2
 208              		.cfi_endproc
 209              	.LFE141:
 211              		.section	.text.USBD_FS_SerialStrDescriptor,"ax",%progbits
 212              		.align	1
 213              		.global	USBD_FS_SerialStrDescriptor
 214              		.syntax unified
 215              		.thumb
 216              		.thumb_func
 217              		.fpu fpv4-sp-d16
 219              	USBD_FS_SerialStrDescriptor:
 220              	.LFB138:
 318:USB_DEVICE/App/usbd_desc.c ****   UNUSED(speed);
 221              		.loc 1 318 0
 222              		.cfi_startproc
 223              		@ args = 0, pretend = 0, frame = 0
 224              		@ frame_needed = 0, uses_anonymous_args = 0
 225              	.LVL17:
 226 0000 08B5     		push	{r3, lr}
 227              	.LCFI3:
 228              		.cfi_def_cfa_offset 8
 229              		.cfi_offset 3, -8
 230              		.cfi_offset 14, -4
 320:USB_DEVICE/App/usbd_desc.c **** 
 231              		.loc 1 320 0
 232 0002 1A23     		movs	r3, #26
 233 0004 0B80     		strh	r3, [r1]	@ movhi
 324:USB_DEVICE/App/usbd_desc.c ****   /* USER CODE BEGIN USBD_FS_SerialStrDescriptor */
 234              		.loc 1 324 0
 235 0006 FFF7FEFF 		bl	Get_SerialNum
 236              	.LVL18:
 329:USB_DEVICE/App/usbd_desc.c **** 
 237              		.loc 1 329 0
 238 000a 0148     		ldr	r0, .L25
 239 000c 08BD     		pop	{r3, pc}
 240              	.L26:
 241 000e 00BF     		.align	2
 242              	.L25:
 243 0010 00000000 		.word	.LANCHOR2
 244              		.cfi_endproc
ARM GAS  C:\Users\User\AppData\Local\Temp\ccpWXaJa.s 			page 13


 245              	.LFE138:
 247              		.section	.text.USBD_FS_ProductStrDescriptor,"ax",%progbits
 248              		.align	1
 249              		.global	USBD_FS_ProductStrDescriptor
 250              		.syntax unified
 251              		.thumb
 252              		.thumb_func
 253              		.fpu fpv4-sp-d16
 255              	USBD_FS_ProductStrDescriptor:
 256              	.LFB136:
 286:USB_DEVICE/App/usbd_desc.c ****   if(speed == 0)
 257              		.loc 1 286 0
 258              		.cfi_startproc
 259              		@ args = 0, pretend = 0, frame = 0
 260              		@ frame_needed = 0, uses_anonymous_args = 0
 261              	.LVL19:
 262 0000 08B5     		push	{r3, lr}
 263              	.LCFI4:
 264              		.cfi_def_cfa_offset 8
 265              		.cfi_offset 3, -8
 266              		.cfi_offset 14, -4
 267 0002 0A46     		mov	r2, r1
 287:USB_DEVICE/App/usbd_desc.c ****   {
 268              		.loc 1 287 0
 269 0004 28B1     		cbz	r0, .L31
 293:USB_DEVICE/App/usbd_desc.c ****   }
 270              		.loc 1 293 0
 271 0006 0549     		ldr	r1, .L32
 272              	.LVL20:
 273 0008 0548     		ldr	r0, .L32+4
 274              	.LVL21:
 275 000a FFF7FEFF 		bl	USBD_GetString
 276              	.LVL22:
 277              	.L29:
 296:USB_DEVICE/App/usbd_desc.c **** 
 278              		.loc 1 296 0
 279 000e 0348     		ldr	r0, .L32
 280 0010 08BD     		pop	{r3, pc}
 281              	.LVL23:
 282              	.L31:
 289:USB_DEVICE/App/usbd_desc.c ****   }
 283              		.loc 1 289 0
 284 0012 0249     		ldr	r1, .L32
 285              	.LVL24:
 286 0014 0248     		ldr	r0, .L32+4
 287              	.LVL25:
 288 0016 FFF7FEFF 		bl	USBD_GetString
 289              	.LVL26:
 290 001a F8E7     		b	.L29
 291              	.L33:
 292              		.align	2
 293              	.L32:
 294 001c 00000000 		.word	USBD_StrDesc
 295 0020 00000000 		.word	.LC0
 296              		.cfi_endproc
 297              	.LFE136:
 299              		.section	.text.USBD_FS_ManufacturerStrDescriptor,"ax",%progbits
ARM GAS  C:\Users\User\AppData\Local\Temp\ccpWXaJa.s 			page 14


 300              		.align	1
 301              		.global	USBD_FS_ManufacturerStrDescriptor
 302              		.syntax unified
 303              		.thumb
 304              		.thumb_func
 305              		.fpu fpv4-sp-d16
 307              	USBD_FS_ManufacturerStrDescriptor:
 308              	.LFB137:
 305:USB_DEVICE/App/usbd_desc.c ****   UNUSED(speed);
 309              		.loc 1 305 0
 310              		.cfi_startproc
 311              		@ args = 0, pretend = 0, frame = 0
 312              		@ frame_needed = 0, uses_anonymous_args = 0
 313              	.LVL27:
 314 0000 10B5     		push	{r4, lr}
 315              	.LCFI5:
 316              		.cfi_def_cfa_offset 8
 317              		.cfi_offset 4, -8
 318              		.cfi_offset 14, -4
 307:USB_DEVICE/App/usbd_desc.c ****   return USBD_StrDesc;
 319              		.loc 1 307 0
 320 0002 044C     		ldr	r4, .L36
 321 0004 0A46     		mov	r2, r1
 322 0006 2146     		mov	r1, r4
 323              	.LVL28:
 324 0008 0348     		ldr	r0, .L36+4
 325              	.LVL29:
 326 000a FFF7FEFF 		bl	USBD_GetString
 327              	.LVL30:
 309:USB_DEVICE/App/usbd_desc.c **** 
 328              		.loc 1 309 0
 329 000e 2046     		mov	r0, r4
 330 0010 10BD     		pop	{r4, pc}
 331              	.L37:
 332 0012 00BF     		.align	2
 333              	.L36:
 334 0014 00000000 		.word	USBD_StrDesc
 335 0018 00000000 		.word	.LC1
 336              		.cfi_endproc
 337              	.LFE137:
 339              		.section	.text.USBD_FS_ConfigStrDescriptor,"ax",%progbits
 340              		.align	1
 341              		.global	USBD_FS_ConfigStrDescriptor
 342              		.syntax unified
 343              		.thumb
 344              		.thumb_func
 345              		.fpu fpv4-sp-d16
 347              	USBD_FS_ConfigStrDescriptor:
 348              	.LFB139:
 338:USB_DEVICE/App/usbd_desc.c ****   if(speed == USBD_SPEED_HIGH)
 349              		.loc 1 338 0
 350              		.cfi_startproc
 351              		@ args = 0, pretend = 0, frame = 0
 352              		@ frame_needed = 0, uses_anonymous_args = 0
 353              	.LVL31:
 354 0000 08B5     		push	{r3, lr}
 355              	.LCFI6:
ARM GAS  C:\Users\User\AppData\Local\Temp\ccpWXaJa.s 			page 15


 356              		.cfi_def_cfa_offset 8
 357              		.cfi_offset 3, -8
 358              		.cfi_offset 14, -4
 359 0002 0A46     		mov	r2, r1
 339:USB_DEVICE/App/usbd_desc.c ****   {
 360              		.loc 1 339 0
 361 0004 28B1     		cbz	r0, .L42
 345:USB_DEVICE/App/usbd_desc.c ****   }
 362              		.loc 1 345 0
 363 0006 0549     		ldr	r1, .L43
 364              	.LVL32:
 365 0008 0548     		ldr	r0, .L43+4
 366              	.LVL33:
 367 000a FFF7FEFF 		bl	USBD_GetString
 368              	.LVL34:
 369              	.L40:
 348:USB_DEVICE/App/usbd_desc.c **** 
 370              		.loc 1 348 0
 371 000e 0348     		ldr	r0, .L43
 372 0010 08BD     		pop	{r3, pc}
 373              	.LVL35:
 374              	.L42:
 341:USB_DEVICE/App/usbd_desc.c ****   }
 375              		.loc 1 341 0
 376 0012 0249     		ldr	r1, .L43
 377              	.LVL36:
 378 0014 0248     		ldr	r0, .L43+4
 379              	.LVL37:
 380 0016 FFF7FEFF 		bl	USBD_GetString
 381              	.LVL38:
 382 001a F8E7     		b	.L40
 383              	.L44:
 384              		.align	2
 385              	.L43:
 386 001c 00000000 		.word	USBD_StrDesc
 387 0020 00000000 		.word	.LC2
 388              		.cfi_endproc
 389              	.LFE139:
 391              		.section	.text.USBD_FS_InterfaceStrDescriptor,"ax",%progbits
 392              		.align	1
 393              		.global	USBD_FS_InterfaceStrDescriptor
 394              		.syntax unified
 395              		.thumb
 396              		.thumb_func
 397              		.fpu fpv4-sp-d16
 399              	USBD_FS_InterfaceStrDescriptor:
 400              	.LFB140:
 357:USB_DEVICE/App/usbd_desc.c ****   if(speed == 0)
 401              		.loc 1 357 0
 402              		.cfi_startproc
 403              		@ args = 0, pretend = 0, frame = 0
 404              		@ frame_needed = 0, uses_anonymous_args = 0
 405              	.LVL39:
 406 0000 08B5     		push	{r3, lr}
 407              	.LCFI7:
 408              		.cfi_def_cfa_offset 8
 409              		.cfi_offset 3, -8
ARM GAS  C:\Users\User\AppData\Local\Temp\ccpWXaJa.s 			page 16


 410              		.cfi_offset 14, -4
 411 0002 0A46     		mov	r2, r1
 358:USB_DEVICE/App/usbd_desc.c ****   {
 412              		.loc 1 358 0
 413 0004 28B1     		cbz	r0, .L49
 364:USB_DEVICE/App/usbd_desc.c ****   }
 414              		.loc 1 364 0
 415 0006 0549     		ldr	r1, .L50
 416              	.LVL40:
 417 0008 0548     		ldr	r0, .L50+4
 418              	.LVL41:
 419 000a FFF7FEFF 		bl	USBD_GetString
 420              	.LVL42:
 421              	.L47:
 367:USB_DEVICE/App/usbd_desc.c **** 
 422              		.loc 1 367 0
 423 000e 0348     		ldr	r0, .L50
 424 0010 08BD     		pop	{r3, pc}
 425              	.LVL43:
 426              	.L49:
 360:USB_DEVICE/App/usbd_desc.c ****   }
 427              		.loc 1 360 0
 428 0012 0249     		ldr	r1, .L50
 429              	.LVL44:
 430 0014 0248     		ldr	r0, .L50+4
 431              	.LVL45:
 432 0016 FFF7FEFF 		bl	USBD_GetString
 433              	.LVL46:
 434 001a F8E7     		b	.L47
 435              	.L51:
 436              		.align	2
 437              	.L50:
 438 001c 00000000 		.word	USBD_StrDesc
 439 0020 00000000 		.word	.LC3
 440              		.cfi_endproc
 441              	.LFE140:
 443              		.global	USBD_StringSerial
 444              		.comm	USBD_StrDesc,512,4
 445              		.global	USBD_LangIDDesc
 446              		.global	USBD_FS_DeviceDesc
 447              		.global	FS_Desc
 448              		.section	.data.FS_Desc,"aw",%progbits
 449              		.align	2
 452              	FS_Desc:
 453 0000 00000000 		.word	USBD_FS_DeviceDescriptor
 454 0004 00000000 		.word	USBD_FS_LangIDStrDescriptor
 455 0008 00000000 		.word	USBD_FS_ManufacturerStrDescriptor
 456 000c 00000000 		.word	USBD_FS_ProductStrDescriptor
 457 0010 00000000 		.word	USBD_FS_SerialStrDescriptor
 458 0014 00000000 		.word	USBD_FS_ConfigStrDescriptor
 459 0018 00000000 		.word	USBD_FS_InterfaceStrDescriptor
 460              		.section	.data.USBD_FS_DeviceDesc,"aw",%progbits
 461              		.align	2
 462              		.set	.LANCHOR0,. + 0
 465              	USBD_FS_DeviceDesc:
 466 0000 12       		.byte	18
 467 0001 01       		.byte	1
ARM GAS  C:\Users\User\AppData\Local\Temp\ccpWXaJa.s 			page 17


 468 0002 00       		.byte	0
 469 0003 02       		.byte	2
 470 0004 02       		.byte	2
 471 0005 02       		.byte	2
 472 0006 00       		.byte	0
 473 0007 40       		.byte	64
 474 0008 83       		.byte	-125
 475 0009 04       		.byte	4
 476 000a 40       		.byte	64
 477 000b 57       		.byte	87
 478 000c 00       		.byte	0
 479 000d 02       		.byte	2
 480 000e 01       		.byte	1
 481 000f 02       		.byte	2
 482 0010 03       		.byte	3
 483 0011 01       		.byte	1
 484              		.section	.data.USBD_LangIDDesc,"aw",%progbits
 485              		.align	2
 486              		.set	.LANCHOR1,. + 0
 489              	USBD_LangIDDesc:
 490 0000 04       		.byte	4
 491 0001 03       		.byte	3
 492 0002 09       		.byte	9
 493 0003 04       		.byte	4
 494              		.section	.data.USBD_StringSerial,"aw",%progbits
 495              		.align	2
 496              		.set	.LANCHOR2,. + 0
 499              	USBD_StringSerial:
 500 0000 1A       		.byte	26
 501 0001 03       		.byte	3
 502 0002 00000000 		.space	24
 502      00000000 
 502      00000000 
 502      00000000 
 502      00000000 
 503              		.section	.rodata.USBD_FS_ConfigStrDescriptor.str1.4,"aMS",%progbits,1
 504              		.align	2
 505              	.LC2:
 506 0000 43444320 		.ascii	"CDC Config\000"
 506      436F6E66 
 506      696700
 507              		.section	.rodata.USBD_FS_InterfaceStrDescriptor.str1.4,"aMS",%progbits,1
 508              		.align	2
 509              	.LC3:
 510 0000 43444320 		.ascii	"CDC Interface\000"
 510      496E7465 
 510      72666163 
 510      6500
 511              		.section	.rodata.USBD_FS_ManufacturerStrDescriptor.str1.4,"aMS",%progbits,1
 512              		.align	2
 513              	.LC1:
 514 0000 53544D69 		.ascii	"STMicroelectronics\000"
 514      63726F65 
 514      6C656374 
 514      726F6E69 
 514      637300
 515              		.section	.rodata.USBD_FS_ProductStrDescriptor.str1.4,"aMS",%progbits,1
ARM GAS  C:\Users\User\AppData\Local\Temp\ccpWXaJa.s 			page 18


 516              		.align	2
 517              	.LC0:
 518 0000 53544D33 		.ascii	"STM32 Virtual ComPort\000"
 518      32205669 
 518      72747561 
 518      6C20436F 
 518      6D506F72 
 519              		.text
 520              	.Letext0:
 521              		.file 2 "d:\\stm32_project\\tool\\7-2018-q2-update\\arm-none-eabi\\include\\machine\\_default_type
 522              		.file 3 "d:\\stm32_project\\tool\\7-2018-q2-update\\arm-none-eabi\\include\\sys\\lock.h"
 523              		.file 4 "d:\\stm32_project\\tool\\7-2018-q2-update\\arm-none-eabi\\include\\sys\\_types.h"
 524              		.file 5 "d:\\stm32_project\\tool\\7-2018-q2-update\\lib\\gcc\\arm-none-eabi\\7.3.1\\include\\stdde
 525              		.file 6 "d:\\stm32_project\\tool\\7-2018-q2-update\\arm-none-eabi\\include\\sys\\reent.h"
 526              		.file 7 "d:\\stm32_project\\tool\\7-2018-q2-update\\arm-none-eabi\\include\\sys\\_stdint.h"
 527              		.file 8 "d:\\stm32_project\\tool\\7-2018-q2-update\\arm-none-eabi\\include\\stdlib.h"
 528              		.file 9 "Drivers/CMSIS/Include/core_cm4.h"
 529              		.file 10 "Drivers/CMSIS/Device/ST/STM32F4xx/Include/system_stm32f4xx.h"
 530              		.file 11 "Drivers/STM32F4xx_HAL_Driver/Inc/stm32f4xx_hal.h"
 531              		.file 12 "Middlewares/ST/STM32_USB_Device_Library/Core/Inc/usbd_def.h"
 532              		.file 13 "USB_DEVICE/App/usbd_desc.h"
 533              		.file 14 "Middlewares/ST/STM32_USB_Device_Library/Core/Inc/usbd_ctlreq.h"
ARM GAS  C:\Users\User\AppData\Local\Temp\ccpWXaJa.s 			page 19


DEFINED SYMBOLS
                            *ABS*:00000000 usbd_desc.c
C:\Users\User\AppData\Local\Temp\ccpWXaJa.s:18     .text.USBD_FS_DeviceDescriptor:00000000 $t
C:\Users\User\AppData\Local\Temp\ccpWXaJa.s:25     .text.USBD_FS_DeviceDescriptor:00000000 USBD_FS_DeviceDescriptor
C:\Users\User\AppData\Local\Temp\ccpWXaJa.s:44     .text.USBD_FS_DeviceDescriptor:00000008 $d
C:\Users\User\AppData\Local\Temp\ccpWXaJa.s:49     .text.USBD_FS_LangIDStrDescriptor:00000000 $t
C:\Users\User\AppData\Local\Temp\ccpWXaJa.s:56     .text.USBD_FS_LangIDStrDescriptor:00000000 USBD_FS_LangIDStrDescriptor
C:\Users\User\AppData\Local\Temp\ccpWXaJa.s:74     .text.USBD_FS_LangIDStrDescriptor:00000008 $d
C:\Users\User\AppData\Local\Temp\ccpWXaJa.s:79     .text.IntToUnicode:00000000 $t
C:\Users\User\AppData\Local\Temp\ccpWXaJa.s:85     .text.IntToUnicode:00000000 IntToUnicode
C:\Users\User\AppData\Local\Temp\ccpWXaJa.s:148    .text.Get_SerialNum:00000000 $t
C:\Users\User\AppData\Local\Temp\ccpWXaJa.s:154    .text.Get_SerialNum:00000000 Get_SerialNum
C:\Users\User\AppData\Local\Temp\ccpWXaJa.s:206    .text.Get_SerialNum:0000002c $d
C:\Users\User\AppData\Local\Temp\ccpWXaJa.s:212    .text.USBD_FS_SerialStrDescriptor:00000000 $t
C:\Users\User\AppData\Local\Temp\ccpWXaJa.s:219    .text.USBD_FS_SerialStrDescriptor:00000000 USBD_FS_SerialStrDescriptor
C:\Users\User\AppData\Local\Temp\ccpWXaJa.s:243    .text.USBD_FS_SerialStrDescriptor:00000010 $d
C:\Users\User\AppData\Local\Temp\ccpWXaJa.s:248    .text.USBD_FS_ProductStrDescriptor:00000000 $t
C:\Users\User\AppData\Local\Temp\ccpWXaJa.s:255    .text.USBD_FS_ProductStrDescriptor:00000000 USBD_FS_ProductStrDescriptor
C:\Users\User\AppData\Local\Temp\ccpWXaJa.s:294    .text.USBD_FS_ProductStrDescriptor:0000001c $d
                            *COM*:00000200 USBD_StrDesc
C:\Users\User\AppData\Local\Temp\ccpWXaJa.s:300    .text.USBD_FS_ManufacturerStrDescriptor:00000000 $t
C:\Users\User\AppData\Local\Temp\ccpWXaJa.s:307    .text.USBD_FS_ManufacturerStrDescriptor:00000000 USBD_FS_ManufacturerStrDescriptor
C:\Users\User\AppData\Local\Temp\ccpWXaJa.s:334    .text.USBD_FS_ManufacturerStrDescriptor:00000014 $d
C:\Users\User\AppData\Local\Temp\ccpWXaJa.s:340    .text.USBD_FS_ConfigStrDescriptor:00000000 $t
C:\Users\User\AppData\Local\Temp\ccpWXaJa.s:347    .text.USBD_FS_ConfigStrDescriptor:00000000 USBD_FS_ConfigStrDescriptor
C:\Users\User\AppData\Local\Temp\ccpWXaJa.s:386    .text.USBD_FS_ConfigStrDescriptor:0000001c $d
C:\Users\User\AppData\Local\Temp\ccpWXaJa.s:392    .text.USBD_FS_InterfaceStrDescriptor:00000000 $t
C:\Users\User\AppData\Local\Temp\ccpWXaJa.s:399    .text.USBD_FS_InterfaceStrDescriptor:00000000 USBD_FS_InterfaceStrDescriptor
C:\Users\User\AppData\Local\Temp\ccpWXaJa.s:438    .text.USBD_FS_InterfaceStrDescriptor:0000001c $d
C:\Users\User\AppData\Local\Temp\ccpWXaJa.s:499    .data.USBD_StringSerial:00000000 USBD_StringSerial
C:\Users\User\AppData\Local\Temp\ccpWXaJa.s:489    .data.USBD_LangIDDesc:00000000 USBD_LangIDDesc
C:\Users\User\AppData\Local\Temp\ccpWXaJa.s:465    .data.USBD_FS_DeviceDesc:00000000 USBD_FS_DeviceDesc
C:\Users\User\AppData\Local\Temp\ccpWXaJa.s:452    .data.FS_Desc:00000000 FS_Desc
C:\Users\User\AppData\Local\Temp\ccpWXaJa.s:449    .data.FS_Desc:00000000 $d
C:\Users\User\AppData\Local\Temp\ccpWXaJa.s:461    .data.USBD_FS_DeviceDesc:00000000 $d
C:\Users\User\AppData\Local\Temp\ccpWXaJa.s:485    .data.USBD_LangIDDesc:00000000 $d
C:\Users\User\AppData\Local\Temp\ccpWXaJa.s:495    .data.USBD_StringSerial:00000000 $d
C:\Users\User\AppData\Local\Temp\ccpWXaJa.s:504    .rodata.USBD_FS_ConfigStrDescriptor.str1.4:00000000 $d
C:\Users\User\AppData\Local\Temp\ccpWXaJa.s:508    .rodata.USBD_FS_InterfaceStrDescriptor.str1.4:00000000 $d
C:\Users\User\AppData\Local\Temp\ccpWXaJa.s:512    .rodata.USBD_FS_ManufacturerStrDescriptor.str1.4:00000000 $d
C:\Users\User\AppData\Local\Temp\ccpWXaJa.s:516    .rodata.USBD_FS_ProductStrDescriptor.str1.4:00000000 $d

UNDEFINED SYMBOLS
USBD_GetString
